This is pdfTeX, Version 3.1415926-2.5-1.40.14 (TeX Live 2013/Debian) (format=pdflatex 2014.5.30)  8 MAY 2015 17:34
entering extended mode
 restricted \write18 enabled.
 %&-line parsing enabled.
**nips.tex
(./nips.tex
LaTeX2e <2011/06/27>
Babel <3.9h> and hyphenation patterns for 2 languages loaded.
(/usr/share/texlive/texmf-dist/tex/latex/base/article.cls
Document Class: article 2007/10/19 v1.4h Standard LaTeX document class
(/usr/share/texlive/texmf-dist/tex/latex/base/size10.clo
File: size10.clo 2007/10/19 v1.4h Standard LaTeX file (size option)
)
\c@part=\count79
\c@section=\count80
\c@subsection=\count81
\c@subsubsection=\count82
\c@paragraph=\count83
\c@subparagraph=\count84
\c@figure=\count85
\c@table=\count86
\abovecaptionskip=\skip41
\belowcaptionskip=\skip42
\bibindent=\dimen102
)
(./nips15submit_e.sty
(/usr/share/texlive/texmf-dist/tex/latex/eso-pic/eso-pic.sty
Package: eso-pic 2013/10/06 v2.0d eso-pic (RN)

(/usr/share/texlive/texmf-dist/tex/generic/oberdiek/atbegshi.sty
Package: atbegshi 2011/10/05 v1.16 At begin shipout hook (HO)

(/usr/share/texlive/texmf-dist/tex/generic/oberdiek/infwarerr.sty
Package: infwarerr 2010/04/08 v1.3 Providing info/warning/error messages (HO)
)
(/usr/share/texlive/texmf-dist/tex/generic/oberdiek/ltxcmds.sty
Package: ltxcmds 2011/11/09 v1.22 LaTeX kernel commands for general use (HO)
)
(/usr/share/texlive/texmf-dist/tex/generic/oberdiek/ifpdf.sty
Package: ifpdf 2011/01/30 v2.3 Provides the ifpdf switch (HO)
Package ifpdf Info: pdfTeX in PDF mode is detected.
))
(/usr/share/texlive/texmf-dist/tex/latex/graphics/keyval.sty
Package: keyval 1999/03/16 v1.13 key=value parser (DPC)
\KV@toks@=\toks14
)
(/usr/share/texlive/texmf-dist/tex/latex/graphics/color.sty
Package: color 2005/11/14 v1.0j Standard LaTeX Color (DPC)

(/usr/share/texlive/texmf-dist/tex/latex/latexconfig/color.cfg
File: color.cfg 2007/01/18 v1.5 color configuration of teTeX/TeXLive
)
Package color Info: Driver file: pdftex.def on input line 130.

(/usr/share/texlive/texmf-dist/tex/latex/pdftex-def/pdftex.def
File: pdftex.def 2011/05/27 v0.06d Graphics/color for pdfTeX
\Gread@gobject=\count87
)))
\nipsrulerbox=\box26
\nipsrulercount=\count88
\nipsruleroffset=\dimen103
\cv@lineheight=\dimen104
\cv@boxheight=\dimen105
\cv@tmpbox=\box27
\cv@refno=\count89
\cv@tot=\count90
\cv@tmpc@=\count91
\cv@tmpc=\count92
)
(/usr/share/texlive/texmf-dist/tex/latex/psnfss/times.sty
Package: times 2005/04/12 PSNFSS-v9.2a (SPQR) 
)
(/usr/share/texlive/texmf-dist/tex/latex/hyperref/hyperref.sty
Package: hyperref 2012/11/06 v6.83m Hypertext links for LaTeX

(/usr/share/texlive/texmf-dist/tex/generic/oberdiek/hobsub-hyperref.sty
Package: hobsub-hyperref 2012/05/28 v1.13 Bundle oberdiek, subset hyperref (HO)


(/usr/share/texlive/texmf-dist/tex/generic/oberdiek/hobsub-generic.sty
Package: hobsub-generic 2012/05/28 v1.13 Bundle oberdiek, subset generic (HO)
Package: hobsub 2012/05/28 v1.13 Construct package bundles (HO)
Package hobsub Info: Skipping package `infwarerr' (already loaded).
Package hobsub Info: Skipping package `ltxcmds' (already loaded).
Package: ifluatex 2010/03/01 v1.3 Provides the ifluatex switch (HO)
Package ifluatex Info: LuaTeX not detected.
Package: ifvtex 2010/03/01 v1.5 Detect VTeX and its facilities (HO)
Package ifvtex Info: VTeX not detected.
Package: intcalc 2007/09/27 v1.1 Expandable calculations with integers (HO)
Package hobsub Info: Skipping package `ifpdf' (already loaded).
Package: etexcmds 2011/02/16 v1.5 Avoid name clashes with e-TeX commands (HO)
Package etexcmds Info: Could not find \expanded.
(etexcmds)             That can mean that you are not using pdfTeX 1.50 or
(etexcmds)             that some package has redefined \expanded.
(etexcmds)             In the latter case, load this package earlier.
Package: kvsetkeys 2012/04/25 v1.16 Key value parser (HO)
Package: kvdefinekeys 2011/04/07 v1.3 Define keys (HO)
Package: pdftexcmds 2011/11/29 v0.20 Utility functions of pdfTeX for LuaTeX (HO
)
Package pdftexcmds Info: LuaTeX not detected.
Package pdftexcmds Info: \pdf@primitive is available.
Package pdftexcmds Info: \pdf@ifprimitive is available.
Package pdftexcmds Info: \pdfdraftmode found.
Package: pdfescape 2011/11/25 v1.13 Implements pdfTeX's escape features (HO)
Package: bigintcalc 2012/04/08 v1.3 Expandable calculations on big integers (HO
)
Package: bitset 2011/01/30 v1.1 Handle bit-vector datatype (HO)
Package: uniquecounter 2011/01/30 v1.2 Provide unlimited unique counter (HO)
)
Package hobsub Info: Skipping package `hobsub' (already loaded).
Package: letltxmacro 2010/09/02 v1.4 Let assignment for LaTeX macros (HO)
Package: hopatch 2012/05/28 v1.2 Wrapper for package hooks (HO)
Package: xcolor-patch 2011/01/30 xcolor patch
Package: atveryend 2011/06/30 v1.8 Hooks at the very end of document (HO)
Package atveryend Info: \enddocument detected (standard20110627).
Package hobsub Info: Skipping package `atbegshi' (already loaded).
Package: refcount 2011/10/16 v3.4 Data extraction from label references (HO)
Package: hycolor 2011/01/30 v1.7 Color options for hyperref/bookmark (HO)
)
(/usr/share/texlive/texmf-dist/tex/generic/ifxetex/ifxetex.sty
Package: ifxetex 2010/09/12 v0.6 Provides ifxetex conditional
)
(/usr/share/texlive/texmf-dist/tex/latex/oberdiek/auxhook.sty
Package: auxhook 2011/03/04 v1.3 Hooks for auxiliary files (HO)
)
(/usr/share/texlive/texmf-dist/tex/latex/oberdiek/kvoptions.sty
Package: kvoptions 2011/06/30 v3.11 Key value format for package options (HO)
)
\@linkdim=\dimen106
\Hy@linkcounter=\count93
\Hy@pagecounter=\count94

(/usr/share/texlive/texmf-dist/tex/latex/hyperref/pd1enc.def
File: pd1enc.def 2012/11/06 v6.83m Hyperref: PDFDocEncoding definition (HO)
)
\Hy@SavedSpaceFactor=\count95

(/usr/share/texlive/texmf-dist/tex/latex/latexconfig/hyperref.cfg
File: hyperref.cfg 2002/06/06 v1.2 hyperref configuration of TeXLive
)
Package hyperref Info: Hyper figures OFF on input line 4443.
Package hyperref Info: Link nesting OFF on input line 4448.
Package hyperref Info: Hyper index ON on input line 4451.
Package hyperref Info: Plain pages OFF on input line 4458.
Package hyperref Info: Backreferencing OFF on input line 4463.
Package hyperref Info: Implicit mode ON; LaTeX internals redefined.
Package hyperref Info: Bookmarks ON on input line 4688.
\c@Hy@tempcnt=\count96

(/usr/share/texlive/texmf-dist/tex/latex/url/url.sty
\Urlmuskip=\muskip10
Package: url 2013/09/16  ver 3.4  Verb mode for urls, etc.
)
LaTeX Info: Redefining \url on input line 5041.
\XeTeXLinkMargin=\dimen107
\Fld@menulength=\count97
\Field@Width=\dimen108
\Fld@charsize=\dimen109
Package hyperref Info: Hyper figures OFF on input line 6295.
Package hyperref Info: Link nesting OFF on input line 6300.
Package hyperref Info: Hyper index ON on input line 6303.
Package hyperref Info: backreferencing OFF on input line 6310.
Package hyperref Info: Link coloring OFF on input line 6315.
Package hyperref Info: Link coloring with OCG OFF on input line 6320.
Package hyperref Info: PDF/A mode OFF on input line 6325.
LaTeX Info: Redefining \ref on input line 6365.
LaTeX Info: Redefining \pageref on input line 6369.
\Hy@abspage=\count98
\c@Item=\count99
\c@Hfootnote=\count100
)

Package hyperref Message: Driver (autodetected): hpdftex.

(/usr/share/texlive/texmf-dist/tex/latex/hyperref/hpdftex.def
File: hpdftex.def 2012/11/06 v6.83m Hyperref driver for pdfTeX
\Fld@listcount=\count101
\c@bookmark@seq@number=\count102

(/usr/share/texlive/texmf-dist/tex/latex/oberdiek/rerunfilecheck.sty
Package: rerunfilecheck 2011/04/15 v1.7 Rerun checks for auxiliary files (HO)
Package uniquecounter Info: New unique counter `rerunfilecheck' on input line 2
82.
)
\Hy@SectionHShift=\skip43
)
(/usr/share/texlive/texmf-dist/tex/latex/graphics/graphicx.sty
Package: graphicx 1999/02/16 v1.0f Enhanced LaTeX Graphics (DPC,SPQR)

(/usr/share/texlive/texmf-dist/tex/latex/graphics/graphics.sty
Package: graphics 2009/02/05 v1.0o Standard LaTeX Graphics (DPC,SPQR)

(/usr/share/texlive/texmf-dist/tex/latex/graphics/trig.sty
Package: trig 1999/03/16 v1.09 sin cos tan (DPC)
)
(/usr/share/texlive/texmf-dist/tex/latex/latexconfig/graphics.cfg
File: graphics.cfg 2010/04/23 v1.9 graphics configuration of TeX Live
)
Package graphics Info: Driver file: pdftex.def on input line 91.
)
\Gin@req@height=\dimen110
\Gin@req@width=\dimen111
)
(/usr/share/texlive/texmf-dist/tex/latex/subfigure/subfigure.sty
Package: subfigure 2002/03/15 v2.1.5 subfigure package
\subfigtopskip=\skip44
\subfigcapskip=\skip45
\subfigcaptopadj=\dimen112
\subfigbottomskip=\skip46
\subfigcapmargin=\dimen113
\subfiglabelskip=\skip47
\c@subfigure=\count103
\c@lofdepth=\count104
\c@subtable=\count105
\c@lotdepth=\count106

****************************************
* Local config file subfigure.cfg used *
****************************************
(/usr/share/texlive/texmf-dist/tex/latex/subfigure/subfigure.cfg)
\subfig@top=\skip48
\subfig@bottom=\skip49
)
(/usr/share/texlive/texmf-dist/tex/latex/amsfonts/amssymb.sty
Package: amssymb 2013/01/14 v3.01 AMS font symbols

(/usr/share/texlive/texmf-dist/tex/latex/amsfonts/amsfonts.sty
Package: amsfonts 2013/01/14 v3.01 Basic AMSFonts support
\@emptytoks=\toks15
\symAMSa=\mathgroup4
\symAMSb=\mathgroup5
LaTeX Font Info:    Overwriting math alphabet `\mathfrak' in version `bold'
(Font)                  U/euf/m/n --> U/euf/b/n on input line 106.
))
(/usr/share/texlive/texmf-dist/tex/latex/amsmath/amsmath.sty
Package: amsmath 2013/01/14 v2.14 AMS math features
\@mathmargin=\skip50

For additional information on amsmath, use the `?' option.
(/usr/share/texlive/texmf-dist/tex/latex/amsmath/amstext.sty
Package: amstext 2000/06/29 v2.01

(/usr/share/texlive/texmf-dist/tex/latex/amsmath/amsgen.sty
File: amsgen.sty 1999/11/30 v2.0
\@emptytoks=\toks16
\ex@=\dimen114
))
(/usr/share/texlive/texmf-dist/tex/latex/amsmath/amsbsy.sty
Package: amsbsy 1999/11/29 v1.2d
\pmbraise@=\dimen115
)
(/usr/share/texlive/texmf-dist/tex/latex/amsmath/amsopn.sty
Package: amsopn 1999/12/14 v2.01 operator names
)
\inf@bad=\count107
LaTeX Info: Redefining \frac on input line 210.
\uproot@=\count108
\leftroot@=\count109
LaTeX Info: Redefining \overline on input line 306.
\classnum@=\count110
\DOTSCASE@=\count111
LaTeX Info: Redefining \ldots on input line 378.
LaTeX Info: Redefining \dots on input line 381.
LaTeX Info: Redefining \cdots on input line 466.
\Mathstrutbox@=\box28
\strutbox@=\box29
\big@size=\dimen116
LaTeX Font Info:    Redeclaring font encoding OML on input line 566.
LaTeX Font Info:    Redeclaring font encoding OMS on input line 567.
\macc@depth=\count112
\c@MaxMatrixCols=\count113
\dotsspace@=\muskip11
\c@parentequation=\count114
\dspbrk@lvl=\count115
\tag@help=\toks17
\row@=\count116
\column@=\count117
\maxfields@=\count118
\andhelp@=\toks18
\eqnshift@=\dimen117
\alignsep@=\dimen118
\tagshift@=\dimen119
\tagwidth@=\dimen120
\totwidth@=\dimen121
\lineht@=\dimen122
\@envbody=\toks19
\multlinegap=\skip51
\multlinetaggap=\skip52
\mathdisplay@stack=\toks20
LaTeX Info: Redefining \[ on input line 2665.
LaTeX Info: Redefining \] on input line 2666.
)

! LaTeX Error: File `algorithm.sty' not found.

Type X to quit or <RETURN> to proceed,
or enter new name. (Default extension: sty)

Enter file name: 

! LaTeX Error: File `algorithmic.sty' not found.

Type X to quit or <RETURN> to proceed,
or enter new name. (Default extension: sty)

Enter file name: 
(/usr/share/texlive/texmf-dist/tex/latex/amscls/amsthm.sty
Package: amsthm 2004/08/06 v2.20
\thm@style=\toks21
\thm@bodyfont=\toks22
\thm@headfont=\toks23
\thm@notefont=\toks24
\thm@headpunct=\toks25
\thm@preskip=\skip53
\thm@postskip=\skip54
\thm@headsep=\skip55
\dth@everypar=\toks26
)
\c@lem=\count119
\c@thm=\count120
\c@prop=\count121
\c@defn=\count122


! LaTeX Error: \algorithmicrequire undefined.

See the LaTeX manual or LaTeX Companion for explanation.
Type  H <return>  for immediate help.
 ...                                              
                                                  
l.22 \renewcommand{\algorithmicrequire}
                                       {\textbf{Input:}}
? 

! LaTeX Error: \algorithmicensure undefined.

See the LaTeX manual or LaTeX Companion for explanation.
Type  H <return>  for immediate help.
 ...                                              
                                                  
l.23 \renewcommand{\algorithmicensure}
                                      {\textbf{Initialize:}}
? 
(./nips.aux)
\openout1 = `nips.aux'.

LaTeX Font Info:    Checking defaults for OML/cmm/m/it on input line 36.
LaTeX Font Info:    ... okay on input line 36.
LaTeX Font Info:    Checking defaults for T1/cmr/m/n on input line 36.
LaTeX Font Info:    ... okay on input line 36.
LaTeX Font Info:    Checking defaults for OT1/cmr/m/n on input line 36.
LaTeX Font Info:    ... okay on input line 36.
LaTeX Font Info:    Checking defaults for OMS/cmsy/m/n on input line 36.
LaTeX Font Info:    ... okay on input line 36.
LaTeX Font Info:    Checking defaults for OMX/cmex/m/n on input line 36.
LaTeX Font Info:    ... okay on input line 36.
LaTeX Font Info:    Checking defaults for U/cmr/m/n on input line 36.
LaTeX Font Info:    ... okay on input line 36.
LaTeX Font Info:    Checking defaults for PD1/pdf/m/n on input line 36.
LaTeX Font Info:    ... okay on input line 36.
LaTeX Font Info:    Try loading font information for OT1+ptm on input line 36.
 (/usr/share/texlive/texmf-dist/tex/latex/psnfss/ot1ptm.fd
File: ot1ptm.fd 2001/06/04 font definitions for OT1/ptm.
)
\AtBeginShipoutBox=\box30

(/usr/share/texlive/texmf-dist/tex/context/base/supp-pdf.mkii
[Loading MPS to PDF converter (version 2006.09.02).]
\scratchcounter=\count123
\scratchdimen=\dimen123
\scratchbox=\box31
\nofMPsegments=\count124
\nofMParguments=\count125
\everyMPshowfont=\toks27
\MPscratchCnt=\count126
\MPscratchDim=\dimen124
\MPnumerator=\count127
\makeMPintoPDFobject=\count128
\everyMPtoPDFconversion=\toks28
)
Package hyperref Info: Link coloring OFF on input line 36.
 (/usr/share/texlive/texmf-dist/tex/latex/hyperref/nameref.sty
Package: nameref 2012/10/27 v2.43 Cross-referencing by name of section

(/usr/share/texlive/texmf-dist/tex/generic/oberdiek/gettitlestring.sty
Package: gettitlestring 2010/12/03 v1.4 Cleanup title references (HO)
)
\c@section@level=\count129
)
LaTeX Info: Redefining \ref on input line 36.
LaTeX Info: Redefining \pageref on input line 36.
LaTeX Info: Redefining \nameref on input line 36.

(./nips.out) (./nips.out)
\@outlinefile=\write3
\openout3 = `nips.out'.


(/usr/share/texlive/texmf-dist/tex/latex/oberdiek/epstopdf-base.sty
Package: epstopdf-base 2010/02/09 v2.5 Base part for package epstopdf

(/usr/share/texlive/texmf-dist/tex/latex/oberdiek/grfext.sty
Package: grfext 2010/08/19 v1.1 Manage graphics extensions (HO)
)
Package grfext Info: Graphics extension search list:
(grfext)             [.png,.pdf,.jpg,.mps,.jpeg,.jbig2,.jb2,.PNG,.PDF,.JPG,.JPE
G,.JBIG2,.JB2,.eps]
(grfext)             \AppendGraphicsExtensions on input line 452.

(/usr/share/texlive/texmf-dist/tex/latex/latexconfig/epstopdf-sys.cfg
File: epstopdf-sys.cfg 2010/07/13 v1.3 Configuration of (r)epstopdf for TeX Liv
e
))
LaTeX Font Info:    Font shape `OT1/ptm/bx/n' in size <17.28> not available
(Font)              Font shape `OT1/ptm/b/n' tried instead on input line 46.
LaTeX Font Info:    Try loading font information for U+msa on input line 46.

(/usr/share/texlive/texmf-dist/tex/latex/amsfonts/umsa.fd
File: umsa.fd 2013/01/14 v3.01 AMS symbols A
)
LaTeX Font Info:    Try loading font information for U+msb on input line 46.

(/usr/share/texlive/texmf-dist/tex/latex/amsfonts/umsb.fd
File: umsb.fd 2013/01/14 v3.01 AMS symbols B
)
LaTeX Font Info:    Font shape `OT1/ptm/bx/n' in size <10> not available
(Font)              Font shape `OT1/ptm/b/n' tried instead on input line 46.
LaTeX Font Info:    Try loading font information for OT1+pcr on input line 46.

(/usr/share/texlive/texmf-dist/tex/latex/psnfss/ot1pcr.fd
File: ot1pcr.fd 2001/06/04 font definitions for OT1/pcr.
)
LaTeX Font Info:    Font shape `OT1/ptm/bx/n' in size <12> not available
(Font)              Font shape `OT1/ptm/b/n' tried instead on input line 46.

! Undefined control sequence.
<argument> \citeauthoryear 
                           {Pan and Yang}{2010}
l.67 Transfer learning \cite{pan2010survey}
                                           , which devotes to transferring k...

? 
! Undefined control sequence.
<argument> \citeauthoryear 
                           {Liao, Xue, and Carin}{2005}
l.69 ...ng,dai2007transferring,eaton2011selective}
                                                  , which assumes that the d...

? 
! Undefined control sequence.
<argument> \citeauthoryear 
                           {Dai \bgroup et al\unhbox \voidb@x \hbox {.}\egro...
l.69 ...ng,dai2007transferring,eaton2011selective}
                                                  , which assumes that the d...

? 
! Undefined control sequence.
<argument> \citeauthoryear 
                           {Dai \bgroup et al\unhbox \voidb@x \hbox {.}\egro...
l.69 ...ng,dai2007transferring,eaton2011selective}
                                                  , which assumes that the d...

? 
! Undefined control sequence.
<argument> \citeauthoryear 
                           {Eaton and desJardins}{2011}
l.69 ...ng,dai2007transferring,eaton2011selective}
                                                  , which assumes that the d...

? 
[1{/var/lib/texmf/fonts/map/pdftex/updmap/pdftex.map}

]
! Undefined control sequence.
<argument> \citeauthoryear 
                           {Wei and Pal}{2011}
l.100 \cite{wei2011heterogeneous}
                                  applies restricted Boltzmann machine to pe...

? 
! Undefined control sequence.
<argument> \citeauthoryear 
                           {Zhou \bgroup et al\unhbox \voidb@x \hbox {.}\egr...
l.101 ...geneous transfer in \cite{zhou2014hybrid}
                                                  .
? 
! Undefined control sequence.
<argument> \citeauthoryear 
                           {Yang \bgroup et al\unhbox \voidb@x \hbox {.}\egr...
l.103 \cite{yang2009heterogeneous}
                                   leverage text data for image clustering, ...

? 
! Undefined control sequence.
<argument> \citeauthoryear 
                           {Zhu \bgroup et al\unhbox \voidb@x \hbox {.}\egro...
l.103 ...ustering, and \cite{zhu2011heterogeneous}
                                                   utilize text data for ima...

? 
! Undefined control sequence.
<argument> \citeauthoryear 
                           {Wang, Hoiem, and Forsyth}{2009}
l.104 \cite{wang2009building}
                              proposed a algorithm to build two separate cla...

? 
! Undefined control sequence.
<argument> \citeauthoryear 
                           {Ng, Wu, and Ye}{2012}
l.105 And \cite{ng2012co,wu2014co,tan2014mixed}
                                                constructs transition probab...

? 
! Undefined control sequence.
<argument> \citeauthoryear 
                           {{Qingyao Wu}, Ng, and {Yunming Ye}}{2014}
l.105 And \cite{ng2012co,wu2014co,tan2014mixed}
                                                constructs transition probab...

? 
! Undefined control sequence.
<argument> \citeauthoryear 
                           {Tan \bgroup et al\unhbox \voidb@x \hbox {.}\egro...
l.105 And \cite{ng2012co,wu2014co,tan2014mixed}
                                                constructs transition probab...

? 
! Undefined control sequence.
<argument> \citeauthoryear 
                           {Zhu \bgroup et al\unhbox \voidb@x \hbox {.}\egro...
l.108 \cite{zhu2011heterogeneous}
                                  utilize training data to learn high-level ...

? 
! Undefined control sequence.
<argument> \citeauthoryear 
                           {Ng, Wu, and Ye}{2012}
l.109 ...s matrix used in \cite{ng2012co,wu2014co}
                                                   also need prior training ...

? 
! Undefined control sequence.
<argument> \citeauthoryear 
                           {{Qingyao Wu}, Ng, and {Yunming Ye}}{2014}
l.109 ...s matrix used in \cite{ng2012co,wu2014co}
                                                   also need prior training ...

? 

Underfull \hbox (badness 1354) in paragraph at lines 107--112
[]\OT1/ptm/m/n/10 However, above-mentioned stud-ies re-quire train-ing data in 
the source and tar-get do-mains.
 []

! Undefined control sequence.
<argument> \citeauthoryear 
                           {Rosenblatt}{1958}
l.117 ...algorithm \cite{rosenblatt1958perceptron}
                                                  , which move the decision ...

? 
! Undefined control sequence.
<argument> \citeauthoryear 
                           {Crammer \bgroup et al\unhbox \voidb@x \hbox {.}\...
l.118 ...gin into account \cite{crammer2006online}
                                                  .
? 
! Undefined control sequence.
<argument> \citeauthoryear 
                           {Zhao and Hoi}{2010}
l.121 \cite{zhao2010otl,zhao2014online}
                                        adopt an ensemble strategy to deal w...

? 
! Undefined control sequence.
<argument> \citeauthoryear 
                           {Zhao \bgroup et al\unhbox \voidb@x \hbox {.}\egr...
l.121 \cite{zhao2010otl,zhao2014online}
                                        adopt an ensemble strategy to deal w...

? 
! Undefined control sequence.
<argument> \citeauthoryear 
                           {Zhao and Hoi}{2010}
l.122 ...sfer in \cite{zhao2010otl,zhao2014online}
                                                   requires that the feature...

? 
! Undefined control sequence.
<argument> \citeauthoryear 
                           {Zhao \bgroup et al\unhbox \voidb@x \hbox {.}\egr...
l.122 ...sfer in \cite{zhao2010otl,zhao2014online}
                                                   requires that the feature...

? 
[2]
! Undefined control sequence.
<argument> \citeauthoryear 
                           {Zhao \bgroup et al\unhbox \voidb@x \hbox {.}\egr...
l.144 ...d HomOTL algorithms \cite{zhao2014online}
                                                  , which exploit knowledge ...

? 
[3]
! Undefined control sequence.
<argument> \citeauthoryear 
                           {Cesa-Bianchi and Lugosi}{2006}
l.190 ...g update method \cite{cesa2006prediction}
                                                   is used.
? 
! Undefined control sequence.
<argument> \citeauthoryear 
                           {Crammer \bgroup et al\unhbox \voidb@x \hbox {.}\...
l.193 In \cite{crammer2006online}
                                 , PA-\uppercase\expandafter{\romannumeral1}...

? 

! LaTeX Error: Environment algorithm undefined.

See the LaTeX manual or LaTeX Companion for explanation.
Type  H <return>  for immediate help.
 ...                                              
                                                  
l.197 \begin{algorithm}
                       
? 

! LaTeX Error: Environment algorithmic undefined.

See the LaTeX manual or LaTeX Companion for explanation.
Type  H <return>  for immediate help.
 ...                                              
                                                  
l.198 \begin{algorithmic}
                         [1]
? 

! LaTeX Error: \caption outside float.

See the LaTeX manual or LaTeX Companion for explanation.
Type  H <return>  for immediate help.
 ...                                              
                                                  
l.199 \caption
              {Online Heterogeneous Transfer Algorithm 1 (OHT1)}
? 
! Undefined control sequence.
l.200 \REQUIRE
               ~~
? 
! Undefined control sequence.
l.205 \ENSURE
              ~~
? 
! Undefined control sequence.
l.207 \FOR
          {$t=1$ to $T$}
? 
! Undefined control sequence.
l.208 \STATE
            
? 
! Undefined control sequence.
l.210 \STATE
            
? 
! Undefined control sequence.
l.212 \STATE
            
? 
! Undefined control sequence.
l.214 \STATE
            
? 
! Undefined control sequence.
l.216 \STATE
            
? 
! Undefined control sequence.
l.220 \STATE
            
? 
! Undefined control sequence.
l.222 \STATE
            
? 
! Undefined control sequence.
l.224 \STATE
            
? 
! Undefined control sequence.
l.226 \ENDFOR
             
? 

! LaTeX Error: \begin{document} ended by \end{algorithmic}.

See the LaTeX manual or LaTeX Companion for explanation.
Type  H <return>  for immediate help.
 ...                                              
                                                  
l.227 \end{algorithmic}
                       
? 

! LaTeX Error: \begin{document} ended by \end{algorithm}.

See the LaTeX manual or LaTeX Companion for explanation.
Type  H <return>  for immediate help.
 ...                                              
                                                  
l.228 \end{algorithm}
                     
? 

! LaTeX Error: Environment algorithm undefined.

See the LaTeX manual or LaTeX Companion for explanation.
Type  H <return>  for immediate help.
 ...                                              
                                                  
l.237 \begin{algorithm}
                       
? 

! LaTeX Error: Environment algorithmic undefined.

See the LaTeX manual or LaTeX Companion for explanation.
Type  H <return>  for immediate help.
 ...                                              
                                                  
l.238 \begin{algorithmic}
                         [1]
? 

! LaTeX Error: \caption outside float.

See the LaTeX manual or LaTeX Companion for explanation.
Type  H <return>  for immediate help.
 ...                                              
                                                  
l.239 \caption
              {Online Heterogeneous Transfer Algorithm 2 (OHT2)}
? 
! Undefined control sequence.
l.240 \REQUIRE
               ~~
? 
! Undefined control sequence.
l.244 \ENSURE
              ~~
? 
! Undefined control sequence.
l.246 \FOR
          {$t=1$ to $T$}
? 
! Undefined control sequence.
l.247 \STATE
            
? 
! Undefined control sequence.
l.249 \STATE
            
? 
! Undefined control sequence.
l.251 \STATE
            
? 
! Undefined control sequence.
l.253 \STATE
            
? 
! Undefined control sequence.
l.255 \STATE
            
? 
[4]
! Undefined control sequence.
l.259 \STATE
            
? 
! Undefined control sequence.
l.261 \STATE
            
? 
! Undefined control sequence.
l.263 \STATE
            
? 
! Undefined control sequence.
l.265 \ENDFOR
             
? 

! LaTeX Error: \begin{document} ended by \end{algorithmic}.

See the LaTeX manual or LaTeX Companion for explanation.
Type  H <return>  for immediate help.
 ...                                              
                                                  
l.266 \end{algorithmic}
                       
? 

! LaTeX Error: \begin{document} ended by \end{algorithm}.

See the LaTeX manual or LaTeX Companion for explanation.
Type  H <return>  for immediate help.
 ...                                              
                                                  
l.267 \end{algorithm}
                     
? 
! Undefined control sequence.
<argument> \citeauthoryear 
                           {Freund and Schapire}{1995}
l.309 ...can be found in \cite{freund1995decision}
                                                  .
? 
[5] [6]
! Undefined control sequence.
<argument> \citeauthoryear 
                           {Crammer \bgroup et al\unhbox \voidb@x \hbox {.}\...
l.427 ...thms proposed in \cite{crammer2006online}
                                                   does not exploit knowledg...

? 
<12_2.pdf, id=164, 1154.3125pt x 263.98625pt>
File: 12_2.pdf Graphic file (type pdf)
 <use 12_2.pdf>
Package pdftex.def Info: 12_2.pdf used on input line 445.
(pdftex.def)             Requested size: 512.1496pt x 117.1291pt.

<22_2.pdf, id=165, 1154.3125pt x 261.97874pt>
File: 22_2.pdf Graphic file (type pdf)
 <use 22_2.pdf>
Package pdftex.def Info: 22_2.pdf used on input line 450.
(pdftex.def)             Requested size: 512.1496pt x 116.23839pt.

Overfull \hbox (119.66461pt too wide) in paragraph at lines 445--451
 [][] 
 []


Overfull \hbox (119.66461pt too wide) in paragraph at lines 445--451
 [][] 
 []

<task2_2.pdf, id=167, 421.575pt x 316.18124pt>
File: task2_2.pdf Graphic file (type pdf)
 <use task2_2.pdf>
Package pdftex.def Info: task2_2.pdf used on input line 469.
(pdftex.def)             Requested size: 142.26378pt x 106.69933pt.

<task14_2.pdf, id=168, 421.575pt x 316.18124pt>
File: task14_2.pdf Graphic file (type pdf)
 <use task14_2.pdf>
Package pdftex.def Info: task14_2.pdf used on input line 474.
(pdftex.def)             Requested size: 142.26378pt x 106.69933pt.

<task36_2.pdf, id=169, 421.575pt x 316.18124pt>
File: task36_2.pdf Graphic file (type pdf)
 <use task36_2.pdf>
Package pdftex.def Info: task36_2.pdf used on input line 479.
(pdftex.def)             Requested size: 142.26378pt x 106.69933pt.

<task7_2.pdf, id=170, 421.575pt x 316.18124pt>
File: task7_2.pdf Graphic file (type pdf)
 <use task7_2.pdf>
Package pdftex.def Info: task7_2.pdf used on input line 485.
(pdftex.def)             Requested size: 142.26378pt x 106.69933pt.

<task16_2.pdf, id=171, 421.575pt x 316.18124pt>
File: task16_2.pdf Graphic file (type pdf)
 <use task16_2.pdf>
Package pdftex.def Info: task16_2.pdf used on input line 490.
(pdftex.def)             Requested size: 142.26378pt x 106.69933pt.

<task33_2.pdf, id=172, 421.575pt x 316.18124pt>
File: task33_2.pdf Graphic file (type pdf)
 <use task33_2.pdf>
Package pdftex.def Info: task33_2.pdf used on input line 495.
(pdftex.def)             Requested size: 142.26378pt x 106.69933pt.
 [7]
<average_error.pdf, id=183, 451.6875pt x 339.2675pt>
File: average_error.pdf Graphic file (type pdf)
 <use average_error.pdf>
Package pdftex.def Info: average_error.pdf used on input line 534.
(pdftex.def)             Requested size: 110.96556pt x 83.34645pt.

<average_time.pdf, id=184, 459.7175pt x 340.27126pt>
File: average_time.pdf Graphic file (type pdf)
 <use average_time.pdf>
Package pdftex.def Info: average_time.pdf used on input line 539.
(pdftex.def)             Requested size: 110.96556pt x 82.13405pt.

Underfull \vbox (badness 6944) has occurred while \output is active []

 [8 <./12_2.pdf> <./22_2.pdf>] (./nips.bbl
Underfull \vbox (badness 5189) has occurred while \output is active []

 [9 <./task2_2.pdf> <./task14_2.pdf> <./task36_2.pdf> <./task7_2.pdf> <./task16
_2.pdf> <./task33_2.pdf>]
! Undefined control sequence.
<argument> \protect \citeauthoryear 
                                    {Cesa-Bianchi and Lugosi}{2006}
l.4   Lugosi}{2006}]{cesa2006prediction}
                                        
? 
! Undefined control sequence.
<argument> \protect \citeauthoryear 
                                    {Crammer \bgroup et al\mbox .\egroup }{2...
l.11   }{2006}]{crammer2006online}
                                  
? 
! Undefined control sequence.
<argument> \protect \citeauthoryear 
                                    {Dai \bgroup et al\mbox .\egroup }{2007a}
l.18   }{2007a}]{dai2007transferring}
                                     
? 
! Undefined control sequence.
<argument> \protect \citeauthoryear 
                                    {Dai \bgroup et al\mbox .\egroup }{2007b}
l.27   }{2007b}]{dai2007boosting}
                                 
? 
! Undefined control sequence.
<argument> \protect \citeauthoryear 
                                    {Eaton and desJardins}{2011}
l.36   desJardins}{2011}]{eaton2011selective}
                                             
? 
! Undefined control sequence.
<argument> \protect \citeauthoryear 
                                    {Freund and Schapire}{1995}
l.43   Schapire}{1995}]{freund1995decision}
                                           
? 
! Undefined control sequence.
<argument> \protect \citeauthoryear 
                                    {Liao, Xue, and Carin}{2005}
l.51 ..., Xue, and Carin}{2005}]{liao2005logistic}
                                                  
? 
! Undefined control sequence.
<argument> \protect \citeauthoryear 
                                    {Ng, Wu, and Ye}{2012}
l.59 ...uthoryear{Ng, Wu, and Ye}{2012}]{ng2012co}
                                                  
? 
! Undefined control sequence.
<argument> \protect \citeauthoryear 
                                    {Pan and Yang}{2010}
l.68 ...oryear{Pan and Yang}{2010}]{pan2010survey}
                                                  
? 
! Undefined control sequence.
<argument> \protect \citeauthoryear 
                                    {{Qingyao Wu}, Ng, and {Yunming Ye}}{2014}
l.76   Ye}}{2014}]{wu2014co}
                            
? 
! Undefined control sequence.
<argument> \protect \citeauthoryear 
                                    {Rosenblatt}{1958}
l.82 ...senblatt}{1958}]{rosenblatt1958perceptron}
                                                  
? 
! Undefined control sequence.
<argument> \protect \citeauthoryear 
                                    {Tan \bgroup et al\mbox .\egroup }{2014}
l.90   }{2014}]{tan2014mixed}
                             
? 
! Undefined control sequence.
<argument> \protect \citeauthoryear 
                                    {Wang, Hoiem, and Forsyth}{2009}
l.97   Forsyth}{2009}]{wang2009building}
                                        
? 
! Undefined control sequence.
<argument> \protect \citeauthoryear 
                                    {Wei and Pal}{2011}
l.105 ...Wei and Pal}{2011}]{wei2011heterogeneous}
                                                  
? 
! Undefined control sequence.
<argument> \protect \citeauthoryear 
                                    {Yang \bgroup et al\mbox .\egroup }{2009}
l.112   }{2009}]{yang2009heterogeneous}
                                       
? 
[10 <./average_error.pdf> <./average_time.pdf>]
! Undefined control sequence.
<argument> \protect \citeauthoryear 
                                    {Zhao and Hoi}{2010}
l.122 ...horyear{Zhao and Hoi}{2010}]{zhao2010otl}
                                                  
? 
! Undefined control sequence.
<argument> \protect \citeauthoryear 
                                    {Zhao \bgroup et al\mbox .\egroup }{2014}
l.130   }{2014}]{zhao2014online}
                                
? 
! Undefined control sequence.
<argument> \protect \citeauthoryear 
                                    {Zhou \bgroup et al\mbox .\egroup }{2014}
l.137   }{2014}]{zhou2014hybrid}
                                
? 
! Undefined control sequence.
<argument> \protect \citeauthoryear 
                                    {Zhu \bgroup et al\mbox .\egroup }{2011}
l.147   }{2011}]{zhu2011heterogeneous}
                                      
? 
)
Package atveryend Info: Empty hook `BeforeClearDocument' on input line 564.
 [11]
Package atveryend Info: Empty hook `AfterLastShipout' on input line 564.
 (./nips.aux)
Package atveryend Info: Executing hook `AtVeryEndDocument' on input line 564.
Package atveryend Info: Executing hook `AtEndAfterFileList' on input line 564.
Package rerunfilecheck Info: File `nips.out' has not changed.
(rerunfilecheck)             Checksum: E9BC23D5C251D17D2CC300D53B4C2C41;1081.


LaTeX Warning: Label(s) may have changed. Rerun to get cross-references right.

Package atveryend Info: Empty hook `AtVeryVeryEnd' on input line 564.
 ) 
Here is how much of TeX's memory you used:
 6603 strings out of 495028
 94396 string characters out of 6181497
 185871 words of memory out of 5000000
 9639 multiletter control sequences out of 15000+600000
 19175 words of font info for 43 fonts, out of 8000000 for 9000
 14 hyphenation exceptions out of 8191
 33i,19n,33p,343b,413s stack positions out of 5000i,500n,10000p,200000b,80000s
{/usr/share/texlive/texmf-dist/fonts/enc/dvips/base/8r.enc}</usr/share/texliv
e/texmf-dist/fonts/type1/public/amsfonts/cm/cmbx10.pfb></usr/share/texlive/texm
f-dist/fonts/type1/public/amsfonts/cm/cmbx7.pfb></usr/share/texlive/texmf-dist/
fonts/type1/public/amsfonts/cm/cmex10.pfb></usr/share/texlive/texmf-dist/fonts/
type1/public/amsfonts/cm/cmmi10.pfb></usr/share/texlive/texmf-dist/fonts/type1/
public/amsfonts/cm/cmmi5.pfb></usr/share/texlive/texmf-dist/fonts/type1/public/
amsfonts/cm/cmmi7.pfb></usr/share/texlive/texmf-dist/fonts/type1/public/amsfont
s/cm/cmr10.pfb></usr/share/texlive/texmf-dist/fonts/type1/public/amsfonts/cm/cm
r5.pfb></usr/share/texlive/texmf-dist/fonts/type1/public/amsfonts/cm/cmr7.pfb><
/usr/share/texlive/texmf-dist/fonts/type1/public/amsfonts/cm/cmsy10.pfb></usr/s
hare/texlive/texmf-dist/fonts/type1/public/amsfonts/cm/cmsy5.pfb></usr/share/te
xlive/texmf-dist/fonts/type1/public/amsfonts/cm/cmsy7.pfb></usr/share/texlive/t
exmf-dist/fonts/type1/public/amsfonts/symbols/msbm10.pfb></usr/share/texlive/te
xmf-dist/fonts/type1/urw/courier/ucrr8a.pfb></usr/share/texlive/texmf-dist/font
s/type1/urw/helvetic/uhvb8a.pfb></usr/share/texlive/texmf-dist/fonts/type1/urw/
times/utmb8a.pfb></usr/share/texlive/texmf-dist/fonts/type1/urw/times/utmr8a.pf
b></usr/share/texlive/texmf-dist/fonts/type1/urw/times/utmri8a.pfb>
Output written on nips.pdf (11 pages, 271488 bytes).
PDF statistics:
 342 PDF objects out of 1000 (max. 8388607)
 288 compressed objects within 3 object streams
 67 named destinations out of 1000 (max. 500000)
 187 words of extra memory for PDF output out of 10000 (max. 10000000)

