This is pdfTeX, Version 3.14159265-2.6-1.40.15 (TeX Live 2014) (preloaded format=pdflatex 2014.10.5)  25 APR 2015 19:38
entering extended mode
 restricted \write18 enabled.
 %&-line parsing enabled.
**Draft2.tex
(./Draft2.tex
LaTeX2e <2014/05/01>
Babel <3.9k> and hyphenation patterns for 78 languages loaded.
(/usr/local/texlive/2014/texmf-dist/tex/latex/base/article.cls
Document Class: article 2007/10/19 v1.4h Standard LaTeX document class
(/usr/local/texlive/2014/texmf-dist/tex/latex/base/size10.clo
File: size10.clo 2007/10/19 v1.4h Standard LaTeX file (size option)
)
\c@part=\count79
\c@section=\count80
\c@subsection=\count81
\c@subsubsection=\count82
\c@paragraph=\count83
\c@subparagraph=\count84
\c@figure=\count85
\c@table=\count86
\abovecaptionskip=\skip41
\belowcaptionskip=\skip42
\bibindent=\dimen102
)
(/usr/local/texlive/2014/texmf-dist/tex/latex/graphics/graphicx.sty
Package: graphicx 2014/04/25 v1.0g Enhanced LaTeX Graphics (DPC,SPQR)

(/usr/local/texlive/2014/texmf-dist/tex/latex/graphics/keyval.sty
Package: keyval 2014/05/08 v1.15 key=value parser (DPC)
\KV@toks@=\toks14
)
(/usr/local/texlive/2014/texmf-dist/tex/latex/graphics/graphics.sty
Package: graphics 2009/02/05 v1.0o Standard LaTeX Graphics (DPC,SPQR)

(/usr/local/texlive/2014/texmf-dist/tex/latex/graphics/trig.sty
Package: trig 1999/03/16 v1.09 sin cos tan (DPC)
)
(/usr/local/texlive/2014/texmf-dist/tex/latex/latexconfig/graphics.cfg
File: graphics.cfg 2010/04/23 v1.9 graphics configuration of TeX Live
)
Package graphics Info: Driver file: pdftex.def on input line 91.

(/usr/local/texlive/2014/texmf-dist/tex/latex/pdftex-def/pdftex.def
File: pdftex.def 2011/05/27 v0.06d Graphics/color for pdfTeX

(/usr/local/texlive/2014/texmf-dist/tex/generic/oberdiek/infwarerr.sty
Package: infwarerr 2010/04/08 v1.3 Providing info/warning/error messages (HO)
)
(/usr/local/texlive/2014/texmf-dist/tex/generic/oberdiek/ltxcmds.sty
Package: ltxcmds 2011/11/09 v1.22 LaTeX kernel commands for general use (HO)
)
\Gread@gobject=\count87
))
\Gin@req@height=\dimen103
\Gin@req@width=\dimen104
)
(/usr/local/texlive/2014/texmf-dist/tex/latex/subfigure/subfigure.sty
Package: subfigure 2002/03/15 v2.1.5 subfigure package
\subfigtopskip=\skip43
\subfigcapskip=\skip44
\subfigcaptopadj=\dimen105
\subfigbottomskip=\skip45
\subfigcapmargin=\dimen106
\subfiglabelskip=\skip46
\c@subfigure=\count88
\c@lofdepth=\count89
\c@subtable=\count90
\c@lotdepth=\count91

****************************************
* Local config file subfigure.cfg used *
****************************************
(/usr/local/texlive/2014/texmf-dist/tex/latex/subfigure/subfigure.cfg)
\subfig@top=\skip47
\subfig@bottom=\skip48
)
(./Draft2.aux)
\openout1 = `Draft2.aux'.

LaTeX Font Info:    Checking defaults for OML/cmm/m/it on input line 7.
LaTeX Font Info:    ... okay on input line 7.
LaTeX Font Info:    Checking defaults for T1/cmr/m/n on input line 7.
LaTeX Font Info:    ... okay on input line 7.
LaTeX Font Info:    Checking defaults for OT1/cmr/m/n on input line 7.
LaTeX Font Info:    ... okay on input line 7.
LaTeX Font Info:    Checking defaults for OMS/cmsy/m/n on input line 7.
LaTeX Font Info:    ... okay on input line 7.
LaTeX Font Info:    Checking defaults for OMX/cmex/m/n on input line 7.
LaTeX Font Info:    ... okay on input line 7.
LaTeX Font Info:    Checking defaults for U/cmr/m/n on input line 7.
LaTeX Font Info:    ... okay on input line 7.

(/usr/local/texlive/2014/texmf-dist/tex/context/base/supp-pdf.mkii
[Loading MPS to PDF converter (version 2006.09.02).]
\scratchcounter=\count92
\scratchdimen=\dimen107
\scratchbox=\box26
\nofMPsegments=\count93
\nofMParguments=\count94
\everyMPshowfont=\toks15
\MPscratchCnt=\count95
\MPscratchDim=\dimen108
\MPnumerator=\count96
\makeMPintoPDFobject=\count97
\everyMPtoPDFconversion=\toks16
) (/usr/local/texlive/2014/texmf-dist/tex/generic/oberdiek/pdftexcmds.sty
Package: pdftexcmds 2011/11/29 v0.20 Utility functions of pdfTeX for LuaTeX (HO
)

(/usr/local/texlive/2014/texmf-dist/tex/generic/oberdiek/ifluatex.sty
Package: ifluatex 2010/03/01 v1.3 Provides the ifluatex switch (HO)
Package ifluatex Info: LuaTeX not detected.
)
(/usr/local/texlive/2014/texmf-dist/tex/generic/oberdiek/ifpdf.sty
Package: ifpdf 2011/01/30 v2.3 Provides the ifpdf switch (HO)
Package ifpdf Info: pdfTeX in PDF mode is detected.
)
Package pdftexcmds Info: LuaTeX not detected.
Package pdftexcmds Info: \pdf@primitive is available.
Package pdftexcmds Info: \pdf@ifprimitive is available.
Package pdftexcmds Info: \pdfdraftmode found.
)
(/usr/local/texlive/2014/texmf-dist/tex/latex/oberdiek/epstopdf-base.sty
Package: epstopdf-base 2010/02/09 v2.5 Base part for package epstopdf

(/usr/local/texlive/2014/texmf-dist/tex/latex/oberdiek/grfext.sty
Package: grfext 2010/08/19 v1.1 Manage graphics extensions (HO)

(/usr/local/texlive/2014/texmf-dist/tex/generic/oberdiek/kvdefinekeys.sty
Package: kvdefinekeys 2011/04/07 v1.3 Define keys (HO)
))
(/usr/local/texlive/2014/texmf-dist/tex/latex/oberdiek/kvoptions.sty
Package: kvoptions 2011/06/30 v3.11 Key value format for package options (HO)

(/usr/local/texlive/2014/texmf-dist/tex/generic/oberdiek/kvsetkeys.sty
Package: kvsetkeys 2012/04/25 v1.16 Key value parser (HO)

(/usr/local/texlive/2014/texmf-dist/tex/generic/oberdiek/etexcmds.sty
Package: etexcmds 2011/02/16 v1.5 Avoid name clashes with e-TeX commands (HO)
Package etexcmds Info: Could not find \expanded.
(etexcmds)             That can mean that you are not using pdfTeX 1.50 or
(etexcmds)             that some package has redefined \expanded.
(etexcmds)             In the latter case, load this package earlier.
)))
Package grfext Info: Graphics extension search list:
(grfext)             [.png,.pdf,.jpg,.mps,.jpeg,.jbig2,.jb2,.PNG,.PDF,.JPG,.JPE
G,.JBIG2,.JB2,.eps]
(grfext)             \AppendGraphicsExtensions on input line 452.

(/usr/local/texlive/2014/texmf-dist/tex/latex/latexconfig/epstopdf-sys.cfg
File: epstopdf-sys.cfg 2010/07/13 v1.3 Configuration of (r)epstopdf for TeX Liv
e
))
Underfull \hbox (badness 1622) in paragraph at lines 12--14
\OT1/cmr/m/n/10 Aggressive al-go-rithms (PA). En-cour-ag-ing re-sults
 []

LaTeX Font Info:    External font `cmex10' loaded for size
(Font)              <7> on input line 23.
LaTeX Font Info:    External font `cmex10' loaded for size
(Font)              <5> on input line 23.

Overfull \hbox (4.44824pt too wide) in paragraph at lines 58--122
[][]
 []

[1

{/usr/local/texlive/2014/texmf-var/fonts/map/pdftex/updmap/pdftex.map}]
Package epstopdf Info: Source file: <task35.eps>
(epstopdf)                    date: 2015-04-25 17:54:12
(epstopdf)                    size: 22942 bytes
(epstopdf)             Output file: <task35-eps-converted-to.pdf>
(epstopdf)                    date: 2015-04-25 19:26:10
(epstopdf)                    size: 7882 bytes
(epstopdf)             Command: <repstopdf --outfile=task35-eps-converted-to.pd
f task35.eps>
(epstopdf)             \includegraphics on input line 144.
Package epstopdf Info: Output file is already uptodate.

<task35-eps-converted-to.pdf, id=15, 444.66125pt x 337.26pt>
File: task35-eps-converted-to.pdf Graphic file (type pdf)

<use task35-eps-converted-to.pdf>
Package pdftex.def Info: task35-eps-converted-to.pdf used on input line 144.
(pdftex.def)             Requested size: 142.26378pt x 107.89967pt.
Package epstopdf Info: Source file: <task39.eps>
(epstopdf)                    date: 2015-04-25 17:54:12
(epstopdf)                    size: 22475 bytes
(epstopdf)             Output file: <task39-eps-converted-to.pdf>
(epstopdf)                    date: 2015-04-25 19:26:11
(epstopdf)                    size: 7846 bytes
(epstopdf)             Command: <repstopdf --outfile=task39-eps-converted-to.pd
f task39.eps>
(epstopdf)             \includegraphics on input line 149.
Package epstopdf Info: Output file is already uptodate.

<task39-eps-converted-to.pdf, id=16, 459.7175pt x 340.27126pt>
File: task39-eps-converted-to.pdf Graphic file (type pdf)

<use task39-eps-converted-to.pdf>
Package pdftex.def Info: task39-eps-converted-to.pdf used on input line 149.
(pdftex.def)             Requested size: 142.26378pt x 105.30127pt.
Package epstopdf Info: Source file: <task43.eps>
(epstopdf)                    date: 2015-04-25 17:54:12
(epstopdf)                    size: 22937 bytes
(epstopdf)             Output file: <task43-eps-converted-to.pdf>
(epstopdf)                    date: 2015-04-25 19:26:13
(epstopdf)                    size: 7862 bytes
(epstopdf)             Command: <repstopdf --outfile=task43-eps-converted-to.pd
f task43.eps>
(epstopdf)             \includegraphics on input line 154.
Package epstopdf Info: Output file is already uptodate.

<task43-eps-converted-to.pdf, id=17, 459.7175pt x 340.27126pt>
File: task43-eps-converted-to.pdf Graphic file (type pdf)

<use task43-eps-converted-to.pdf>
Package pdftex.def Info: task43-eps-converted-to.pdf used on input line 154.
(pdftex.def)             Requested size: 142.26378pt x 105.30127pt.
Package epstopdf Info: Source file: <task18.eps>
(epstopdf)                    date: 2015-04-25 17:54:12
(epstopdf)                    size: 23293 bytes
(epstopdf)             Output file: <task18-eps-converted-to.pdf>
(epstopdf)                    date: 2015-04-25 19:26:16
(epstopdf)                    size: 7882 bytes
(epstopdf)             Command: <repstopdf --outfile=task18-eps-converted-to.pd
f task18.eps>
(epstopdf)             \includegraphics on input line 165.
Package epstopdf Info: Output file is already uptodate.

<task18-eps-converted-to.pdf, id=18, 459.7175pt x 340.27126pt>
File: task18-eps-converted-to.pdf Graphic file (type pdf)

<use task18-eps-converted-to.pdf>
Package pdftex.def Info: task18-eps-converted-to.pdf used on input line 165.
(pdftex.def)             Requested size: 142.26378pt x 105.30127pt.
Package epstopdf Info: Source file: <task30.eps>
(epstopdf)                    date: 2015-04-25 17:54:12
(epstopdf)                    size: 24232 bytes
(epstopdf)             Output file: <task30-eps-converted-to.pdf>
(epstopdf)                    date: 2015-04-25 19:26:18
(epstopdf)                    size: 7921 bytes
(epstopdf)             Command: <repstopdf --outfile=task30-eps-converted-to.pd
f task30.eps>
(epstopdf)             \includegraphics on input line 170.
Package epstopdf Info: Output file is already uptodate.

<task30-eps-converted-to.pdf, id=19, 451.6875pt x 339.2675pt>
File: task30-eps-converted-to.pdf Graphic file (type pdf)

<use task30-eps-converted-to.pdf>
Package pdftex.def Info: task30-eps-converted-to.pdf used on input line 170.
(pdftex.def)             Requested size: 142.26378pt x 106.8543pt.
Package epstopdf Info: Source file: <task36.eps>
(epstopdf)                    date: 2015-04-25 17:54:12
(epstopdf)                    size: 23512 bytes
(epstopdf)             Output file: <task36-eps-converted-to.pdf>
(epstopdf)                    date: 2015-04-25 19:26:20
(epstopdf)                    size: 7867 bytes
(epstopdf)             Command: <repstopdf --outfile=task36-eps-converted-to.pd
f task36.eps>
(epstopdf)             \includegraphics on input line 175.
Package epstopdf Info: Output file is already uptodate.

<task36-eps-converted-to.pdf, id=20, 451.6875pt x 339.2675pt>
File: task36-eps-converted-to.pdf Graphic file (type pdf)

<use task36-eps-converted-to.pdf>
Package pdftex.def Info: task36-eps-converted-to.pdf used on input line 175.
(pdftex.def)             Requested size: 142.26378pt x 106.8543pt.
 [2] [3 <./task35-eps-converted-to.pdf> <./task39-eps-converted-to.pdf> <./task
43-eps-converted-to.pdf> <./task18-eps-converted-to.pdf> <./task30-eps-converte
d-to.pdf> <./task36-eps-converted-to.pdf>]
(./Draft2.aux) ) 
Here is how much of TeX's memory you used:
 1677 strings out of 493117
 24526 string characters out of 6135433
 101897 words of memory out of 5000000
 5144 multiletter control sequences out of 15000+600000
 5766 words of font info for 21 fonts, out of 8000000 for 9000
 1141 hyphenation exceptions out of 8191
 38i,8n,24p,240b,296s stack positions out of 5000i,500n,10000p,200000b,80000s
</usr/local/texlive/2014/texmf-dist/fonts/type1/public/amsfonts
/cm/cmbx10.pfb></usr/local/texlive/2014/texmf-dist/fonts/type1/public/amsfonts/
cm/cmbx12.pfb></usr/local/texlive/2014/texmf-dist/fonts/type1/public/amsfonts/c
m/cmbx5.pfb></usr/local/texlive/2014/texmf-dist/fonts/type1/public/amsfonts/cm/
cmmi10.pfb></usr/local/texlive/2014/texmf-dist/fonts/type1/public/amsfonts/cm/c
mmi7.pfb></usr/local/texlive/2014/texmf-dist/fonts/type1/public/amsfonts/cm/cmr
10.pfb></usr/local/texlive/2014/texmf-dist/fonts/type1/public/amsfonts/cm/cmr5.
pfb></usr/local/texlive/2014/texmf-dist/fonts/type1/public/amsfonts/cm/cmr7.pfb
></usr/local/texlive/2014/texmf-dist/fonts/type1/public/amsfonts/cm/cmr8.pfb></
usr/local/texlive/2014/texmf-dist/fonts/type1/public/amsfonts/cm/cmsy5.pfb></us
r/local/texlive/2014/texmf-dist/fonts/type1/public/amsfonts/cm/cmsy7.pfb>
Output written on Draft2.pdf (3 pages, 155266 bytes).
PDF statistics:
 94 PDF objects out of 1000 (max. 8388607)
 65 compressed objects within 1 object stream
 0 named destinations out of 1000 (max. 500000)
 31 words of extra memory for PDF output out of 10000 (max. 10000000)

